<?xml version="1.0" encoding="UTF-8"?>
<!-- Generated by org.testng.reporters.JUnitReportReporter -->
<testsuite skipped="0" hostname="ingenieriazeros" name="Test.Vencidos.Casas.valicarCreacionCasa" tests="1" failures="0" timestamp="14 ene 2020 03:18:43 GMT" time="75.992" errors="0">
  <testcase name="crearCasa" time="75.992" classname="Test.Vencidos.Casas.valicarCreacionCasa"/>
</testsuite> <!-- Test.Vencidos.Casas.valicarCreacionCasa -->
