<?xml version="1.0" encoding="UTF-8"?>
<!-- Generated by org.testng.reporters.JUnitReportReporter -->
<testsuite skipped="0" hostname="angel" name="Test.Vencidos.Casas.valicarCreacionCasa" tests="1" failures="0" timestamp="13 ene 2020 04:14:17 GMT" time="31.950" errors="0">
  <testcase name="crearCasa" time="31.950" classname="Test.Vencidos.Casas.valicarCreacionCasa"/>
</testsuite> <!-- Test.Vencidos.Casas.valicarCreacionCasa -->
